2022-03-09 17:34:37 INFO  Loop Output:14 - For Loop Execution started here... 
2022-03-09 17:34:37 INFO  Loop Output:19 - Even Number:20
2022-03-09 17:34:37 INFO  Loop Output:19 - Even Number:22
2022-03-09 17:34:37 INFO  Loop Output:19 - Even Number:24
2022-03-09 17:34:37 INFO  Loop Output:19 - Even Number:26
2022-03-09 17:34:37 INFO  Loop Output:19 - Even Number:28
2022-03-09 17:34:37 INFO  Loop Output:19 - Even Number:30
2022-03-09 17:34:37 INFO  Loop Output:19 - Even Number:32
2022-03-09 17:34:37 INFO  Loop Output:19 - Even Number:34
2022-03-09 17:34:37 INFO  Loop Output:19 - Even Number:36
2022-03-09 17:34:37 INFO  Loop Output:19 - Even Number:38
2022-03-09 17:34:37 INFO  Loop Output:19 - Even Number:40
2022-03-09 17:34:37 INFO  Loop Output:22 - For Loop Execution ended here....
2022-03-16 12:20:37 INFO  Step Executed::22 - launching browser started...
2022-03-16 12:20:41 INFO  Step Executed::26 - launching browser successful...
2022-03-16 12:20:43 INFO  Step Executed::40 - Navigation of URL started...
2022-03-16 12:20:46 INFO  Step Executed::43 - Acti time URL navigated successfully...
2022-03-16 12:20:46 INFO  Step Executed::60 - Login to acti time as admin started...
2022-03-16 12:20:54 INFO  Step Executed::67 - Acti time login was successful...
2022-03-16 12:20:54 INFO  Step Executed::84 -  minimizeFlyOutWindow has been initiated by the admin...
2022-03-16 12:20:57 INFO  Step Executed::87 - The minimizeFlyOutWindow  has been sucussefully completed....
2022-03-16 12:20:57 INFO  Step Executed::105 - Logout has been initiated by the admin...
2022-03-16 12:21:00 INFO  Step Executed::108 - The logout has been sucussefully completed....
2022-03-16 12:21:00 INFO  Step Executed::126 - Initiated to close the chrome broweser....
2022-03-16 12:21:00 INFO  Step Executed::128 - The chrome browser has successfully closed....
